<html>
<head>
<title>TestNG:  Default test</title>
<link href="../testng.css" rel="stylesheet" type="text/css" />
<link href="../my-testng.css" rel="stylesheet" type="text/css" />

<style type="text/css">
.log { display: none;} 
.stack-trace { display: none;} 
</style>
<script type="text/javascript">
<!--
function flip(e) {
  current = e.style.display;
  if (current == 'block') {
    e.style.display = 'none';
    return 0;
  }
  else {
    e.style.display = 'block';
    return 1;
  }
}

function toggleBox(szDivId, elem, msg1, msg2)
{
  var res = -1;  if (document.getElementById) {
    res = flip(document.getElementById(szDivId));
  }
  else if (document.all) {
    // this is the way old msie versions work
    res = flip(document.all[szDivId]);
  }
  if(elem) {
    if(res == 0) elem.innerHTML = msg1; else elem.innerHTML = msg2;
  }

}

function toggleAllBoxes() {
  if (document.getElementsByTagName) {
    d = document.getElementsByTagName('div');
    for (i = 0; i < d.length; i++) {
      if (d[i].className == 'log') {
        flip(d[i]);
      }
    }
  }
}

// -->
</script>

</head>
<body>
<h2 align='center'>Default test</h2><table border='1' align="center">
<tr>
<td>Tests passed/Failed/Skipped:</td><td>3/2/0</td>
</tr><tr>
<td>Started on:</td><td>Sun Nov 13 01:35:18 IST 2022</td>
</tr>
<tr><td>Total time:</td><td>136 seconds (136859 ms)</td>
</tr><tr>
<td>Included groups:</td><td></td>
</tr><tr>
<td>Excluded groups:</td><td></td>
</tr>
</table><p/>
<small><i>(Hover the method name to see the test class name)</i></small><p/>
<table width='100%' border='1' class='invocation-failed'>
<tr><td colspan='4' align='center'><b>FAILED TESTS</b></td></tr>
<tr><td><b>Test method</b></td>
<td width="30%"><b>Exception</b></td>
<td width="10%"><b>Time (seconds)</b></td>
<td><b>Instance</b></td>
</tr>
<tr>
<td title='runner.RunTest.scenario()'><b>scenario</b><br>Test class: runner.RunTest<br>Test method: Runs Cucumber Feature<br>Parameters: "Veriy whether the student registration form is not submitted successfully when any of the field in the form is filled with invalid data format.", "Student Registration Form validation"</td>
<td><div><pre>java.lang.AssertionError: Submission Not failed
	at org.testng.AssertJUnit.fail(AssertJUnit.java:65)
	at org.testng.AssertJUnit.assertTrue(AssertJUnit.java:23)
	at org.testng.AssertJUnit.assertFalse(AssertJUnit.java:44)
	at pages.RegistrationFormPage.assertFailedSubmission(RegistrationFormPage.java:181)
	at bindings.RegistrationFormStepDef.assertFailedSubmission(RegistrationFormStepDef.java:34)
	at ✽.submission fails and no pop-up is displayed(file:///Users/arunkumar/eclipse-workspace/testproject/CrossOverAssignment/src/test/resources/featureFiles/registrationForm.feature:64)
</pre></div><a href='#' onClick='toggleBox("stack-trace1327895505", this, "Click to show all stack frames", "Click to hide stack frames")'>Click to show all stack frames</a>
<div class='stack-trace' id='stack-trace1327895505'><pre>java.lang.AssertionError: Submission Not failed
	at org.testng.AssertJUnit.fail(AssertJUnit.java:65)
	at org.testng.AssertJUnit.assertTrue(AssertJUnit.java:23)
	at org.testng.AssertJUnit.assertFalse(AssertJUnit.java:44)
	at pages.RegistrationFormPage.assertFailedSubmission(RegistrationFormPage.java:181)
	at bindings.RegistrationFormStepDef.assertFailedSubmission(RegistrationFormStepDef.java:34)
	at ✽.submission fails and no pop-up is displayed(file:///Users/arunkumar/eclipse-workspace/testproject/CrossOverAssignment/src/test/resources/featureFiles/registrationForm.feature:64)
</pre></div></td>
<td>42</td>
<td>runner.RunTest@3bbc39f8</td></tr>
<tr>
<td title='runner.RunTest.scenario()'><b>scenario</b><br>Test class: runner.RunTest<br>Test method: Runs Cucumber Feature<br>Parameters: "Duplicate entry failure - Verify whether the student registration form is not submitted successfully when the same combination of first name, last name and mobile are registered.", "Student Registration Form validation"</td>
<td><div><pre>java.lang.AssertionError: Submission Not failed
	at org.testng.AssertJUnit.fail(AssertJUnit.java:65)
	at org.testng.AssertJUnit.assertTrue(AssertJUnit.java:23)
	at org.testng.AssertJUnit.assertFalse(AssertJUnit.java:44)
	at pages.RegistrationFormPage.assertFailedSubmission(RegistrationFormPage.java:181)
	at bindings.RegistrationFormStepDef.assertFailedSubmission(RegistrationFormStepDef.java:34)
	at ✽.submission fails and no pop-up is displayed(file:///Users/arunkumar/eclipse-workspace/testproject/CrossOverAssignment/src/test/resources/featureFiles/registrationForm.feature:91)
</pre></div><a href='#' onClick='toggleBox("stack-trace1800693087", this, "Click to show all stack frames", "Click to hide stack frames")'>Click to show all stack frames</a>
<div class='stack-trace' id='stack-trace1800693087'><pre>java.lang.AssertionError: Submission Not failed
	at org.testng.AssertJUnit.fail(AssertJUnit.java:65)
	at org.testng.AssertJUnit.assertTrue(AssertJUnit.java:23)
	at org.testng.AssertJUnit.assertFalse(AssertJUnit.java:44)
	at pages.RegistrationFormPage.assertFailedSubmission(RegistrationFormPage.java:181)
	at bindings.RegistrationFormStepDef.assertFailedSubmission(RegistrationFormStepDef.java:34)
	at ✽.submission fails and no pop-up is displayed(file:///Users/arunkumar/eclipse-workspace/testproject/CrossOverAssignment/src/test/resources/featureFiles/registrationForm.feature:91)
</pre></div></td>
<td>20</td>
<td>runner.RunTest@3bbc39f8</td></tr>
</table><p>
<table width='100%' border='1' class='invocation-passed'>
<tr><td colspan='4' align='center'><b>PASSED TESTS</b></td></tr>
<tr><td><b>Test method</b></td>
<td width="30%"><b>Exception</b></td>
<td width="10%"><b>Time (seconds)</b></td>
<td><b>Instance</b></td>
</tr>
<tr>
<td title='runner.RunTest.scenario()'><b>scenario</b><br>Test class: runner.RunTest<br>Test method: Runs Cucumber Feature<br>Parameters: "Veriy whether the student registration form is submitted successfully when only the mandatory fields in the form are filled with valid data.", "Student Registration Form validation"</td>
<td></td>
<td>14</td>
<td>runner.RunTest@3bbc39f8</td></tr>
<tr>
<td title='runner.RunTest.scenario()'><b>scenario</b><br>Test class: runner.RunTest<br>Test method: Runs Cucumber Feature<br>Parameters: "Veriy whether the student registration form is not submitted successfully when any of the mandatory field in the form is left empty.", "Student Registration Form validation"</td>
<td></td>
<td>37</td>
<td>runner.RunTest@3bbc39f8</td></tr>
<tr>
<td title='runner.RunTest.scenario()'><b>scenario</b><br>Test class: runner.RunTest<br>Test method: Runs Cucumber Feature<br>Parameters: "Veriy whether the student registration form is submitted successfully when all the fields in the form are filled with valid data.", "Student Registration Form validation"</td>
<td></td>
<td>21</td>
<td>runner.RunTest@3bbc39f8</td></tr>
</table><p>
</body>
</html>