<?xml version="1.0" encoding="UTF-8"?>
<testng-results skipped="0" failed="2" ignored="0" total="5" passed="3">
  <reporter-output>
  </reporter-output>
  <suite name="Default suite" duration-ms="136859" started-at="2022-11-13T01:35:18 IST" finished-at="2022-11-13T01:37:35 IST">
    <groups>
      <group name="cucumber">
        <method signature="RunTest.scenario(io.cucumber.testng.PickleWrapper,io.cucumber.testng.FeatureWrapper)[pri:0, instance:runner.RunTest@3bbc39f8]" name="scenario" class="runner.RunTest"/>
      </group> <!-- cucumber -->
    </groups>
    <test name="Default test" duration-ms="136859" started-at="2022-11-13T01:35:18 IST" finished-at="2022-11-13T01:37:35 IST">
      <class name="runner.RunTest">
        <test-method status="PASS" signature="setUpCucumber()[pri:0, instance:runner.RunTest@3bbc39f8]" name="setUpCucumber" is-config="true" duration-ms="494" started-at="2022-11-13T01:35:18 IST" finished-at="2022-11-13T01:35:19 IST">
          <reporter-output>
          </reporter-output>
        </test-method> <!-- setUpCucumber -->
        <test-method status="PASS" signature="scenario(io.cucumber.testng.PickleWrapper,io.cucumber.testng.FeatureWrapper)[pri:0, instance:runner.RunTest@3bbc39f8]" name="scenario" duration-ms="21150" started-at="2022-11-13T01:35:19 IST" description="Runs Cucumber Feature" data-provider="features" finished-at="2022-11-13T01:35:40 IST">
          <params>
            <param index="0">
              <value>
                <![CDATA["Veriy whether the student registration form is submitted successfully when all the fields in the form are filled with valid data."]]>
              </value>
            </param>
            <param index="1">
              <value>
                <![CDATA["Student Registration Form validation"]]>
              </value>
            </param>
          </params>
          <reporter-output>
          </reporter-output>
        </test-method> <!-- scenario -->
        <test-method status="PASS" signature="scenario(io.cucumber.testng.PickleWrapper,io.cucumber.testng.FeatureWrapper)[pri:0, instance:runner.RunTest@3bbc39f8]" name="scenario" duration-ms="14861" started-at="2022-11-13T01:35:40 IST" description="Runs Cucumber Feature" data-provider="features" finished-at="2022-11-13T01:35:55 IST">
          <params>
            <param index="0">
              <value>
                <![CDATA["Veriy whether the student registration form is submitted successfully when only the mandatory fields in the form are filled with valid data."]]>
              </value>
            </param>
            <param index="1">
              <value>
                <![CDATA["Student Registration Form validation"]]>
              </value>
            </param>
          </params>
          <reporter-output>
          </reporter-output>
        </test-method> <!-- scenario -->
        <test-method status="PASS" signature="scenario(io.cucumber.testng.PickleWrapper,io.cucumber.testng.FeatureWrapper)[pri:0, instance:runner.RunTest@3bbc39f8]" name="scenario" duration-ms="37236" started-at="2022-11-13T01:35:55 IST" description="Runs Cucumber Feature" data-provider="features" finished-at="2022-11-13T01:36:32 IST">
          <params>
            <param index="0">
              <value>
                <![CDATA["Veriy whether the student registration form is not submitted successfully when any of the mandatory field in the form is left empty."]]>
              </value>
            </param>
            <param index="1">
              <value>
                <![CDATA["Student Registration Form validation"]]>
              </value>
            </param>
          </params>
          <reporter-output>
          </reporter-output>
        </test-method> <!-- scenario -->
        <test-method status="FAIL" signature="scenario(io.cucumber.testng.PickleWrapper,io.cucumber.testng.FeatureWrapper)[pri:0, instance:runner.RunTest@3bbc39f8]" name="scenario" duration-ms="42347" started-at="2022-11-13T01:36:32 IST" description="Runs Cucumber Feature" data-provider="features" finished-at="2022-11-13T01:37:14 IST">
          <params>
            <param index="0">
              <value>
                <![CDATA["Veriy whether the student registration form is not submitted successfully when any of the field in the form is filled with invalid data format."]]>
              </value>
            </param>
            <param index="1">
              <value>
                <![CDATA["Student Registration Form validation"]]>
              </value>
            </param>
          </params>
          <exception class="java.lang.AssertionError">
            <message>
              <![CDATA[Submission Not failed]]>
            </message>
            <full-stacktrace>
              <![CDATA[java.lang.AssertionError: Submission Not failed
at org.testng.AssertJUnit.fail(AssertJUnit.java:65)
at org.testng.AssertJUnit.assertTrue(AssertJUnit.java:23)
at org.testng.AssertJUnit.assertFalse(AssertJUnit.java:44)
at pages.RegistrationFormPage.assertFailedSubmission(RegistrationFormPage.java:181)
at bindings.RegistrationFormStepDef.assertFailedSubmission(RegistrationFormStepDef.java:34)
at ✽.submission fails and no pop-up is displayed(file:///Users/arunkumar/eclipse-workspace/testproject/CrossOverAssignment/src/test/resources/featureFiles/registrationForm.feature:64)
]]>
            </full-stacktrace>
          </exception> <!-- java.lang.AssertionError -->
          <reporter-output>
          </reporter-output>
        </test-method> <!-- scenario -->
        <test-method status="FAIL" signature="scenario(io.cucumber.testng.PickleWrapper,io.cucumber.testng.FeatureWrapper)[pri:0, instance:runner.RunTest@3bbc39f8]" name="scenario" duration-ms="20659" started-at="2022-11-13T01:37:14 IST" description="Runs Cucumber Feature" data-provider="features" finished-at="2022-11-13T01:37:35 IST">
          <params>
            <param index="0">
              <value>
                <![CDATA["Duplicate entry failure - Verify whether the student registration form is not submitted successfully when the same combination of first name, last name and mobile are registered."]]>
              </value>
            </param>
            <param index="1">
              <value>
                <![CDATA["Student Registration Form validation"]]>
              </value>
            </param>
          </params>
          <exception class="java.lang.AssertionError">
            <message>
              <![CDATA[Submission Not failed]]>
            </message>
            <full-stacktrace>
              <![CDATA[java.lang.AssertionError: Submission Not failed
at org.testng.AssertJUnit.fail(AssertJUnit.java:65)
at org.testng.AssertJUnit.assertTrue(AssertJUnit.java:23)
at org.testng.AssertJUnit.assertFalse(AssertJUnit.java:44)
at pages.RegistrationFormPage.assertFailedSubmission(RegistrationFormPage.java:181)
at bindings.RegistrationFormStepDef.assertFailedSubmission(RegistrationFormStepDef.java:34)
at ✽.submission fails and no pop-up is displayed(file:///Users/arunkumar/eclipse-workspace/testproject/CrossOverAssignment/src/test/resources/featureFiles/registrationForm.feature:91)
]]>
            </full-stacktrace>
          </exception> <!-- java.lang.AssertionError -->
          <reporter-output>
          </reporter-output>
        </test-method> <!-- scenario -->
        <test-method status="PASS" signature="tearDownClass()[pri:0, instance:runner.RunTest@3bbc39f8]" name="tearDownClass" is-config="true" duration-ms="20" started-at="2022-11-13T01:37:35 IST" finished-at="2022-11-13T01:37:35 IST">
          <reporter-output>
          </reporter-output>
        </test-method> <!-- tearDownClass -->
      </class> <!-- runner.RunTest -->
    </test> <!-- Default test -->
  </suite> <!-- Default suite -->
</testng-results>
