<?xml version="1.0" encoding="UTF-8"?>
<!-- Generated by org.testng.reporters.JUnitReportReporter -->
<testsuite skipped="0" hostname="AKR-MacBook-Pro.local" name="runner.RunTest" tests="5" failures="2" timestamp="2022-11-13T01:37:35 IST" time="136.253" errors="0">
  <testcase name="scenario" time="14.861" classname="runner.RunTest"/>
  <system-out/>
  <testcase name="scenario" time="42.347" classname="runner.RunTest">
    <failure type="java.lang.AssertionError" message="Submission Not failed">
      <![CDATA[java.lang.AssertionError: Submission Not failed
at org.testng.AssertJUnit.fail(AssertJUnit.java:65)
at org.testng.AssertJUnit.assertTrue(AssertJUnit.java:23)
at org.testng.AssertJUnit.assertFalse(AssertJUnit.java:44)
at pages.RegistrationFormPage.assertFailedSubmission(RegistrationFormPage.java:181)
at bindings.RegistrationFormStepDef.assertFailedSubmission(RegistrationFormStepDef.java:34)
at ✽.submission fails and no pop-up is displayed(file:///Users/arunkumar/eclipse-workspace/testproject/CrossOverAssignment/src/test/resources/featureFiles/registrationForm.feature:64)
]]>
    </failure>
  </testcase> <!-- scenario -->
  <system-out/>
  <testcase name="scenario" time="37.236" classname="runner.RunTest"/>
  <system-out/>
  <testcase name="scenario" time="20.659" classname="runner.RunTest">
    <failure type="java.lang.AssertionError" message="Submission Not failed">
      <![CDATA[java.lang.AssertionError: Submission Not failed
at org.testng.AssertJUnit.fail(AssertJUnit.java:65)
at org.testng.AssertJUnit.assertTrue(AssertJUnit.java:23)
at org.testng.AssertJUnit.assertFalse(AssertJUnit.java:44)
at pages.RegistrationFormPage.assertFailedSubmission(RegistrationFormPage.java:181)
at bindings.RegistrationFormStepDef.assertFailedSubmission(RegistrationFormStepDef.java:34)
at ✽.submission fails and no pop-up is displayed(file:///Users/arunkumar/eclipse-workspace/testproject/CrossOverAssignment/src/test/resources/featureFiles/registrationForm.feature:91)
]]>
    </failure>
  </testcase> <!-- scenario -->
  <system-out/>
  <testcase name="scenario" time="21.150" classname="runner.RunTest"/>
  <system-out/>
</testsuite> <!-- runner.RunTest -->
